<?xml version="1.0" encoding="UTF-8"?>
<!-- Generated by org.testng.reporters.JUnitXMLReporter -->
<testsuite hostname="K-MacBook-Pro.local" ignored="0" name="Command line test" tests="1" failures="0" timestamp="13 Feb 2018 00:08:15 GMT" time="0.047" errors="0">
  <testcase name="@BeforeClass testSetup" time="0.0" classname="tests.AbstractUITest">
    <failure type="org.testng.TestNGException" message="
Parameter &amp;apos;baseURL&amp;apos; is required by BeforeClass on method testSetup but has not been marked @Optional or defined
">
      <![CDATA[org.testng.TestNGException: 
Parameter 'baseURL' is required by BeforeClass on method testSetup but has not been marked @Optional or defined

... Removed 32 stack frames]]>
    </failure>
  </testcase> <!-- @BeforeClass testSetup -->
  <testcase name="@AfterClass testTearDown" time="0.0" classname="tests.AbstractUITest">
    <skipped/>
  </testcase> <!-- @AfterClass testTearDown -->
  <testcase name="should_basket_contain_selected_item" time="0.0" classname="tests.AllegroUITest">
    <skipped/>
  </testcase> <!-- should_basket_contain_selected_item -->
</testsuite> <!-- Command line test -->
